Sending build context to Docker daemon  71.05MB
Step 1/9 : FROM intersystemsdc/starterpack-base-irisint:version-1.6
 ---> 75028bf49e96
Step 2/9 : ARG IRIS_PROJECT_FOLDER_NAME=OEE-iris-project
 ---> Using cache
 ---> f2c3e03c7812
Step 3/9 : ADD --chown=irisowner:irisuser ./${IRIS_PROJECT_FOLDER_NAME}/ $IRIS_APP_SOURCEDIR
 ---> Using cache
 ---> 07bf459d2014
Step 4/9 : ADD --chown=irisowner:irisuser ./iris-analytics/*.xml $IRIS_APP_SOURCEDIR
 ---> Using cache
 ---> 69ef2b09d198
Step 5/9 : ADD --chown=irisowner:irisuser ./production_data.tar.gz /tmp/
 ---> Using cache
 ---> 1a848ecaf818
Step 6/9 : ADD --chown=irisowner:irisuser ./csv /tmp/
 ---> Using cache
 ---> 44a0b2050f7f
Step 7/9 : ADD --chown=irisowner:irisuser ./mssql-jdbc-7.4.1.jre8.jar /tmp/
 ---> Using cache
 ---> 7f3a3a8be0db
Step 8/9 : RUN mkdir -p /tmp/iris-analytics
 ---> Using cache
 ---> b5b5ffb7ed1c
Step 9/9 : RUN /usr/irissys/demo/irisdemoinstaller.sh
 ---> Running in 6d42e811a00c

 Configuring global buffers...
 Configuring routine buffers...Using 'iris.cpf' configuration file

This copy of InterSystems IRIS has been licensed for use exclusively by:
Core Capacity license pending.
Copyright (c) 1986-2019 by InterSystems Corporation
Any other use is a violation of your license agreement
Starting IRIS



Loading Installer...
Node: 6d42e811a00c, Instance: IRIS

%SYS>

Load started on 06/03/2020 15:35:08
Loading file /tmp/iris_project/IRISConfig/Installer.cls as udl
Compiling class IRISConfig.Installer
Compiling routine IRISConfig.Installer.1
Load finished successfully.


Running Installer...
Node: 6d42e811a00c, Instance: IRIS

%SYS>
2020-06-03 15:35:09 0 IRISConfig.Installer: Installation starting at 2020-06-03 15:35:09, LogLevel=2
2020-06-03 15:35:09 0 : SourceDir defined - offline install from /tmp/iris_project/
2020-06-03 15:35:09 1 Import: Loading /tmp/iris_project/ (isdir=1) into APPINT, recurse=1

Load of directory started on 06/03/2020 15:35:09

Loading file /tmp/iris_project/MDX2JSON.inc as udl
MDX2JSON.INC Loaded
Loading file /tmp/iris_project/ASPMining/Analytics/EquipmentCube.cls as udl
Loading file /tmp/iris_project/ASPMining/Analytics/ProductionStatusEventCubeSliced.cls as udl
Loading file /tmp/iris_project/ASPMining/Analytics/StatusEventCube.cls as udl
Loading file /tmp/iris_project/ASPMining/Analytics/StatusEventSlicedCube.cls as udl
Loading file /tmp/iris_project/%ZPM/Installer.cls as udl
Loading file /tmp/iris_project/ASPMining/CanonicalModel/Equipment/Equipment.cls as udl
Loading file /tmp/iris_project/ASPMining/CanonicalModel/Equipment/EquipmentModel.cls as udl
Loading file /tmp/iris_project/ASPMining/CanonicalModel/Equipment/EquipmentGroup.cls as udl
Loading file /tmp/iris_project/ASPMining/CanonicalModel/HWMonitoring/OEMEventType.cls as udl
Loading file /tmp/iris_project/ASPMining/CanonicalModel/HWMonitoring/OEMInterface.cls as udl
Loading file /tmp/iris_project/ASPMining/CanonicalModel/HWMonitoring/OEMEvent.cls as udl
Loading file /tmp/iris_project/ASPMining/CanonicalModel/Mine/Location.cls as udl
Loading file /tmp/iris_project/ASPMining/CanonicalModel/HWMonitoring/OEMInterfaceMap.cls as udl
Loading file /tmp/iris_project/ASPMining/CanonicalModel/Mine/Site.cls as udl
Loading file /tmp/iris_project/ASPMining/CanonicalModel/Operation/StatusReason.cls as udl
Loading file /tmp/iris_project/ASPMining/CanonicalModel/Operation/StatusEvent.cls as udl
Loading file /tmp/iris_project/ASPMining/CanonicalModel/Operation/StatusEventSliced.cls as udl
Loading file /tmp/iris_project/ASPMining/CanonicalModel/Operation/StatusType.cls as udl
Loading file /tmp/iris_project/ASPMining/CanonicalModel/Personnel/CrewRegistry.cls as udl
Loading file /tmp/iris_project/ASPMining/CanonicalModel/Personnel/Crew.cls as udl
Loading file /tmp/iris_project/ASPMining/CanonicalModel/Planning/ShiftType.cls as udl
Loading file /tmp/iris_project/ASPMining/CanonicalModel/Personnel/Operator.cls as udl
Loading file /tmp/iris_project/ASPMining/CanonicalModel/Planning/Shift.cls as udl
Loading file /tmp/iris_project/iris-analytics-artifacts.xml as xml
Imported document: Ens-Analytics-ActivityVolumeAndDuration.dashboard.DFI
Imported document: IRISDemo-ASPMining.dashboard.DFI
Imported document: IRISDemo-ASPMiningTableEquipment.pivot.DFI
Imported document: IRISDemo-ASPMiningTableStatus.pivot.DFI
Imported document: IRISDemo-QualityAvailabilityKPI.dashboard.DFI
Imported document: IRISDemo-QualityAvailabiltyKPI.pivot.DFI
Imported document: OEE Pivots-Example.pivot.DFI
Loading file /tmp/iris_project/ASPMining/CanonicalModel/Production/ProductionEventSliced.cls as udl
Loading file /tmp/iris_project/ASPMining/CanonicalModel/Production/LoadEvent.cls as udl
Loading file /tmp/iris_project/ASPMining/CanonicalModel/Production/ProductionStatusType.cls as udl
Loading file /tmp/iris_project/ASPMining/CanonicalModel/Production/DumpEvent.cls as udl
Loading file /tmp/iris_project/ClassExplorer/Installer.cls as udl
Loading file /tmp/iris_project/ClassExplorer/ClassView.cls as udl
Loading file /tmp/iris_project/ClassExplorer/Router.cls as udl
Loading file /tmp/iris_project/IRISAnalytics/Task/SaveFiles.cls as udl
Loading file /tmp/iris_project/IRISConfig/Installer.cls as udl
Loading file /tmp/iris_project/ClassExplorer/StaticContent.cls as udl
Loading file /tmp/iris_project/IRISDemo/PivotAndDashboard.cls as udl
Loading file /tmp/iris_project/IRISDemo/Production.cls as udl
Loading file /tmp/iris_project/IRISDemo/Cube/TimeSlice.cls as udl
Loading file /tmp/iris_project/IRISDemo/Data/DowntimeEvents.cls as udl
Loading file /tmp/iris_project/IRISDemo/Data/ItemMaster.cls as udl
Loading file /tmp/iris_project/IRISDemo/Data/ProductionCounts.cls as udl
Loading file /tmp/iris_project/IRISDemo/Data/ProductionOrderChange.cls as udl
Loading file /tmp/iris_project/IRISDemo/Data/Utils.cls as udl
Loading file /tmp/iris_project/IRISDemo/Data/TimeSlice.cls as udl
Loading file /tmp/iris_project/IRISDemo/Data/WasteCounts.cls as udl
Loading file /tmp/iris_project/MDX2JSON/AbstractREST.cls as udl
Loading file /tmp/iris_project/MDX2JSON/DashboardFilters.cls as udl
Loading file /tmp/iris_project/MDX2JSON/Dashboard.cls as udl
Loading file /tmp/iris_project/MDX2JSON/DashboardRS.cls as udl
Loading file /tmp/iris_project/MDX2JSON/EmptyPortlet.cls as udl
Loading file /tmp/iris_project/MDX2JSON/Installer.cls as udl
Loading file /tmp/iris_project/MDX2JSON/REST.cls as udl
Loading file /tmp/iris_project/MDX2JSON/ResultSet.cls as udl
Loading file /tmp/iris_project/MDX2JSON/Tests.cls as udl
Loading file /tmp/iris_project/MDX2JSON/Users.cls as udl
Loading file /tmp/iris_project/MDX2JSON/Utils.cls as udl
Loading file /tmp/iris_project/OEE/Cube/MiningOEE.cls as udl
Loading file /tmp/iris_project/OEE/Cube/Registry.cls as udl
Loading file /tmp/iris_project/OEE/Data/Dump.cls as udl
Loading file /tmp/iris_project/OEE/Data/EventChange.cls as udl
Loading file /tmp/iris_project/OEE/Data/OEETimeSlice.cls as udl
Loading file /tmp/iris_project/SampleDispatch/Dumps.cls as udl
Loading file /tmp/iris_project/SampleDispatch/Eqmt.cls as udl
Loading file /tmp/iris_project/SampleDispatch/EventCodes.cls as udl
Loading file /tmp/iris_project/SampleDispatch/Loads.cls as udl
Loading file /tmp/iris_project/SampleDispatch/Events.cls as udl
Loading file /tmp/iris_project/SampleDispatch/Operators.cls as udl
Loading file /tmp/iris_project/SampleDispatch/Utils.cls as udl
Loading file /tmp/iris_project/SampleDispatch/Shifts.cls as udl
Loading file /tmp/iris_project/SampleDispatch/Adapter/SQL/PeriodicInboundAdapter.cls as udl
Loading file /tmp/iris_project/SampleDispatch/Adapter/SQL/PeriodicInboundAdapterMC.cls as udl
Loading file /tmp/iris_project/SampleDispatch/BO/Event/CompletedDumpEvent.cls as udl
Loading file /tmp/iris_project/SampleDispatch/BO/Event/CompleteEvent.cls as udl
Loading file /tmp/iris_project/SampleDispatch/BO/Event/Operation.cls as udl
Loading file /tmp/iris_project/SampleDispatch/BO/Event/SlicedEvent.cls as udl
Loading file /tmp/iris_project/SampleDispatch/BO/Event/StatusChangeEvent.cls as udl
Loading file /tmp/iris_project/SampleDispatch/BS/Event/MineCareService.cls as udl
Loading file /tmp/iris_project/SampleDispatch/BS/Event/Service.cls as udl
Loading file /tmp/iris_project/SampleDispatch/BS/Event/PowerViewService.cls as udl

Compilation started on 06/03/2020 15:35:13 with qualifiers 'ck'
Compiling 77 classes, using 4 worker jobs
Compiling class %ZPM.Installer
Compiling class ASPMining.CanonicalModel.Equipment.EquipmentCategory
Compiling class ASPMining.CanonicalModel.Equipment.EquipmentModel
Compiling class ASPMining.CanonicalModel.Equipment.Equipment
Compiling class ASPMining.CanonicalModel.HWMonitoring.OEMEvent
Compiling class ASPMining.CanonicalModel.HWMonitoring.OEMEventType
Compiling class ASPMining.CanonicalModel.HWMonitoring.OEMInterface
Compiling class ASPMining.CanonicalModel.Mine.Location
Compiling class ASPMining.CanonicalModel.HWMonitoring.OEMInterfaceMap
Compiling class ASPMining.CanonicalModel.Mine.Site
Compiling class ASPMining.CanonicalModel.Operation.StatusEvent
Compiling class ASPMining.CanonicalModel.Operation.StatusType
Compiling class ASPMining.CanonicalModel.Operation.StatusReason
Compiling class ASPMining.CanonicalModel.Operation.StatusEventSliced
Compiling class ASPMining.CanonicalModel.Personnel.Crew
Compiling class ASPMining.CanonicalModel.Personnel.CrewRegistry
Compiling class ASPMining.CanonicalModel.Personnel.Operator
Compiling class ASPMining.CanonicalModel.Planning.Shift
Compiling class ASPMining.CanonicalModel.Planning.ShiftType
Compiling class ASPMining.CanonicalModel.Production.DumpEvent
Compiling class ClassExplorer.ClassView
Compiling class ASPMining.CanonicalModel.Production.LoadEvent
Compiling class ClassExplorer.Installer
Compiling class ClassExplorer.StaticContent
Compiling class ASPMining.CanonicalModel.Production.ProductionStatusType
Compiling class ASPMining.CanonicalModel.Production.ProductionEventSliced
Compiling class ClassExplorer.Router
Compiling class IRISConfig.Installer
Compiling class IRISAnalytics.Task.SaveFiles
Compiling class IRISDemo.Data.ItemMaster
Compiling class IRISDemo.Data.ProductionCounts
Compiling class IRISDemo.Data.DowntimeEvents
Compiling class IRISDemo.Data.Utils
Compiling class IRISDemo.Data.ProductionOrderChange
Compiling class IRISDemo.Production
Compiling class MDX2JSON.AbstractREST
Compiling class IRISDemo.Data.WasteCounts
Compiling class MDX2JSON.Dashboard
Compiling class IRISDemo.Data.TimeSlice
Compiling class IRISDemo.PivotAndDashboard
Replacing: IRISDemo/QualityAvailabilityKPI.dashboard
Replacing: IRISDemo/QualityAvailabiltyKPI.pivot

Imported 2 items.
Encountered 0 errors during import.

Compiling class MDX2JSON.Installer
Compiling class MDX2JSON.Tests
Compiling class MDX2JSON.Users
Compiling class MDX2JSON.Utils
Compiling class OEE.Cube.Registry
Compiling class MDX2JSON.DashboardRS
Compiling class MDX2JSON.ResultSet
Compiling class OEE.Data.Dump
Compiling class OEE.Data.EventChange
Compiling class OEE.Data.OEETimeSlice
Compiling class SampleDispatch.Adapter.SQL.PeriodicInboundAdapter
Compiling class SampleDispatch.BO.Event.CompleteEvent
Compiling class SampleDispatch.Adapter.SQL.PeriodicInboundAdapterMC
Compiling class SampleDispatch.BO.Event.CompletedDumpEvent
Compiling class MDX2JSON.EmptyPortlet
Compiling class SampleDispatch.BO.Event.SlicedEvent
Compiling class SampleDispatch.BO.Event.Operation
Compiling class SampleDispatch.BO.Event.StatusChangeEvent
Compiling class SampleDispatch.Dumps
Compiling class SampleDispatch.BS.Event.MineCareService
Compiling class SampleDispatch.BS.Event.PowerViewService
Compiling class SampleDispatch.BS.Event.Service
Compiling class SampleDispatch.Events
Compiling class SampleDispatch.Loads
Compiling class SampleDispatch.Eqmt
Compiling class SampleDispatch.Utils
Compiling class SampleDispatch.EventCodes
Compiling class SampleDispatch.Operators
Compiling class SampleDispatch.Shifts
Compiling class MDX2JSON.DashboardFilters
Compiling class MDX2JSON.REST
Compiling table ASPMining_CanonicalModel_Equipment.Equipment
Compiling table ASPMining_CanonicalModel_Equipment.EquipmentCategory
Compiling table ASPMining_CanonicalModel_HWMonitoring.OEMEventType
Compiling table ASPMining_CanonicalModel_Equipment.EquipmentModel
Compiling table ASPMining_CanonicalModel_HWMonitoring.OEMEvent
Compiling table ASPMining_CanonicalModel_HWMonitoring.OEMInterface
Compiling table ASPMining_CanonicalModel_HWMonitoring.OEMInterfaceMap
Compiling table ASPMining_CanonicalModel_Mine.Site
Compiling table ASPMining_CanonicalModel_Mine.Location
Compiling table ASPMining_CanonicalModel_Operation.StatusEvent
Compiling table ASPMining_CanonicalModel_Operation.StatusReason
Compiling table ASPMining_CanonicalModel_Operation.StatusEventSliced
Compiling table ASPMining_CanonicalModel_Operation.StatusType
Compiling table ASPMining_CanonicalModel_Personnel.Crew
Compiling table ASPMining_CanonicalModel_Personnel.CrewRegistry
Compiling table ASPMining_CanonicalModel_Personnel.Operator
Compiling table ASPMining_CanonicalModel_Planning.ShiftType
Compiling table ASPMining_CanonicalModel_Planning.Shift
Compiling table ASPMining_CanonicalModel_Production.DumpEvent
Compiling table ASPMining_CanonicalModel_Production.LoadEvent
Compiling table ASPMining_CanonicalModel_Production.ProductionStatusType
Compiling table ASPMining_CanonicalModel_Production.ProductionEventSliced
Compiling table IRISDemo_Data.ItemMaster
Compiling table IRISDemo_Data.DowntimeEvents
Compiling table IRISDemo_Data.ProductionOrderChange
Compiling table IRISDemo_Data.ProductionCounts
Compiling table IRISDemo_Data.WasteCounts
Compiling table OEE_Data.Dump
Compiling table IRISDemo_Data.TimeSlice
Compiling table OEE_Data.EventChange
Compiling table SampleDispatch.Dumps
Compiling table SampleDispatch.Eqmt
Compiling table SampleDispatch.Events
Compiling table OEE_Data.OEETimeSlice
Compiling table SampleDispatch.EventCodes
Compiling table SampleDispatch.Loads
Compiling table SampleDispatch.Operators
Compiling table SampleDispatch.Shifts
Compiling table SampleDispatch_BO_Event.CompletedDumpEvent
Compiling table SampleDispatch_BO_Event.CompleteEvent
Compiling table SampleDispatch_BO_Event.StatusChangeEvent
Compiling table SampleDispatch_BO_Event.SlicedEvent
Compiling routine %ZPM.Installer.1
Compiling routine ASPMining.CanonicalModel.Equipment.EquipmentCategory.1
Compiling routine ASPMining.CanonicalModel.Equipment.EquipmentModel.1
Compiling routine ASPMining.CanonicalModel.Equipment.Equipment.1
Compiling routine ASPMining.CanonicalModel.HWMonitoring.OEMEvent.1
Compiling routine ASPMining.CanonicalModel.HWMonitoring.OEMEventType.1
Compiling routine ASPMining.CanonicalModel.HWMonitoring.OEMInterface.1
Compiling routine ASPMining.CanonicalModel.Mine.Site.1
Compiling routine ASPMining.CanonicalModel.HWMonitoring.OEMInterfaceMap.1
Compiling routine ASPMining.CanonicalModel.Mine.Location.1
Compiling routine ASPMining.CanonicalModel.Operation.StatusEvent.1
Compiling routine ASPMining.CanonicalModel.Operation.StatusEventSliced.1
Compiling routine ASPMining.CanonicalModel.Operation.StatusReason.1
Compiling routine ASPMining.CanonicalModel.Operation.StatusType.1
Compiling routine ASPMining.CanonicalModel.Personnel.CrewRegistry.1
Compiling routine ASPMining.CanonicalModel.Personnel.Crew.1
Compiling routine ASPMining.CanonicalModel.Personnel.Operator.1
Compiling routine ASPMining.CanonicalModel.Planning.Shift.1
Compiling routine ASPMining.CanonicalModel.Planning.ShiftType.1
Compiling routine ASPMining.CanonicalModel.Production.DumpEvent.1
Compiling routine ClassExplorer.ClassView.1
Compiling routine ClassExplorer.Installer.1
Compiling routine ClassExplorer.Router.1
Compiling routine ClassExplorer.StaticContent.1
Compiling routine ASPMining.CanonicalModel.Production.LoadEvent.1
Compiling routine IRISAnalytics.Task.SaveFiles.1
Compiling routine IRISConfig.Installer.1
Compiling routine ASPMining.CanonicalModel.Production.ProductionStatusType.1
Compiling routine ASPMining.CanonicalModel.Production.ProductionEventSliced.1
Compiling routine IRISDemo.Data.ItemMaster.1
Compiling routine IRISDemo.Data.DowntimeEvents.1
Compiling routine IRISDemo.Data.Utils.1
Compiling routine IRISDemo.Data.ProductionCounts.1
Compiling routine IRISDemo.PivotAndDashboard.1
Compiling routine IRISDemo.Data.ProductionOrderChange.1
Compiling routine IRISDemo.Production.1
Compiling routine MDX2JSON.AbstractREST.1
Compiling routine MDX2JSON.Dashboard.1
Compiling routine MDX2JSON.DashboardRS.1
Compiling routine IRISDemo.Data.WasteCounts.1
Compiling routine MDX2JSON.EmptyPortlet.1
Compiling routine MDX2JSON.Installer.1
Compiling routine MDX2JSON.Users.1
Compiling routine MDX2JSON.ResultSet.1
Compiling routine MDX2JSON.Utils.1
Compiling routine MDX2JSON.Tests.1
Compiling routine OEE.Data.Dump.1
Compiling routine IRISDemo.Data.TimeSlice.1
Compiling routine SampleDispatch.Adapter.SQL.PeriodicInboundAdapter.1
Compiling routine OEE.Data.EventChange.1
Compiling routine SampleDispatch.Adapter.SQL.PeriodicInboundAdapterMC.1
Compiling routine SampleDispatch.BO.Event.CompleteEvent.1
Compiling routine SampleDispatch.BO.Event.Operation.1
Compiling routine SampleDispatch.BO.Event.CompletedDumpEvent.1
Compiling routine OEE.Data.OEETimeSlice.1
Compiling routine SampleDispatch.BS.Event.MineCareService.1
Compiling routine SampleDispatch.BS.Event.Service.1
Compiling routine SampleDispatch.BS.Event.PowerViewService.1
Compiling routine SampleDispatch.BO.Event.SlicedEvent.1
Compiling routine SampleDispatch.BO.Event.StatusChangeEvent.1
Compiling routine SampleDispatch.Dumps.1
Compiling routine SampleDispatch.Events.1
Compiling routine SampleDispatch.EventCodes.1
Compiling routine SampleDispatch.Eqmt.1
Compiling routine SampleDispatch.Loads.1
Compiling routine SampleDispatch.Utils.1
Compiling routine SampleDispatch.Operators.1
Compiling routine SampleDispatch.Shifts.1
Compiling routine MDX2JSON.DashboardFilters.1
Compiling routine MDX2JSON.REST.1
Creating WEB application /ClassExplorer...
WEB application /ClassExplorer created.
Extract package
Install ZPM
2020-06-03 15:35:21 0 %ZPM.Installer: Installation starting at 2020-06-03 15:35:21, LogLevel=3
2020-06-03 15:35:21 3 Evaluate: ${MODDIR}src -> /tmp/dirUrM2sL/src
2020-06-03 15:35:21 3 SetVariable: SRCDIR=/tmp/dirUrM2sL/src/
2020-06-03 15:35:21 3 SetVariable: REGISTRY=https://pm.community.intersystems.com
2020-06-03 15:35:21 3 SetVariable: TRACKINGID=UA-126752118-1
2020-06-03 15:35:21 3 Evaluate: ${SRCDIR}inc/_ZPM/PackageManager/Common.inc -> /tmp/dirUrM2sL/src/inc/_ZPM/PackageManager/Common.inc
2020-06-03 15:35:21 1 Import: Loading /tmp/dirUrM2sL/src/inc/_ZPM/PackageManager/Common.inc (isdir=0) into %SYS, recurse=0

Load started on 06/03/2020 15:35:21
Loading file /tmp/dirUrM2sL/src/inc/_ZPM/PackageManager/Common.inc as rtn
%ZPM.PackageManager.Common.INC Loaded
Load finished successfully.
2020-06-03 15:35:21 3 Evaluate: ${SRCDIR}cls -> /tmp/dirUrM2sL/src/cls
2020-06-03 15:35:21 1 Import: Loading /tmp/dirUrM2sL/src/cls (isdir=1) into %SYS, recurse=1

Load of directory started on 06/03/2020 15:35:21

Loading file /tmp/dirUrM2sL/src/cls/_ZPM/JSON/Adaptor.cls as udl
Loading file /tmp/dirUrM2sL/src/cls/_ZPM/AbstractInstaller.cls as udl
Loading file /tmp/dirUrM2sL/src/cls/_ZPM/PackageManager/Common.inc as udl
%ZPM.PackageManager.Common.INC Loaded
Loading file /tmp/dirUrM2sL/src/cls/_ZPM/JSON/Generator.cls as udl
Loading file /tmp/dirUrM2sL/src/cls/_ZPM/PackageManager.cls as udl
Loading file /tmp/dirUrM2sL/src/cls/_ZPM/PackageManager/Client/LocalServerDefinition.cls as udl
Loading file /tmp/dirUrM2sL/src/cls/_ZPM/PackageManager/Client/RemoteServerDefinition.cls as udl
Loading file /tmp/dirUrM2sL/src/cls/_ZPM/PackageManager/Client/FilesystemServerDefinition.cls as udl
Loading file /tmp/dirUrM2sL/src/cls/_ZPM/PackageManager/Client/ServerDefinition.cls as udl
Loading file /tmp/dirUrM2sL/src/cls/_ZPM/PackageManager/Client/Settings.cls as udl
Loading file /tmp/dirUrM2sL/src/cls/_ZPM/PackageManager/Client/Utils.cls as udl
Loading file /tmp/dirUrM2sL/src/cls/_ZPM/PackageManager/Client/Filesystem/Cache.cls as udl
Loading file /tmp/dirUrM2sL/src/cls/_ZPM/PackageManager/Client/Filesystem/PackageService.cls as udl
Loading file /tmp/dirUrM2sL/src/cls/_ZPM/PackageManager/Client/REST/PublishClient.cls as udl
Loading file /tmp/dirUrM2sL/src/cls/_ZPM/PackageManager/Core/Application.cls as udl
Loading file /tmp/dirUrM2sL/src/cls/_ZPM/PackageManager/Client/REST/PackageManagerClient.cls as udl
Loading file /tmp/dirUrM2sL/src/cls/_ZPM/PackageManager/Core/InstallationInfo.cls as udl
Loading file /tmp/dirUrM2sL/src/cls/_ZPM/PackageManager/Core/InvokeReference.cls as udl
Loading file /tmp/dirUrM2sL/src/cls/_ZPM/PackageManager/Core/IPackageService.cls as udl
Loading file /tmp/dirUrM2sL/src/cls/_ZPM/PackageManager/Core/IPublishService.cls as udl
Loading file /tmp/dirUrM2sL/src/cls/_ZPM/PackageManager/Core/ListOfOptions.cls as udl
Loading file /tmp/dirUrM2sL/src/cls/_ZPM/PackageManager/Core/MappingReference.cls as udl
Loading file /tmp/dirUrM2sL/src/cls/_ZPM/PackageManager/Core/Module.cls as udl
Loading file /tmp/dirUrM2sL/src/cls/_ZPM/PackageManager/Core/ModuleInfo.cls as udl
Loading file /tmp/dirUrM2sL/src/cls/_ZPM/PackageManager/Core/ModuleReference.cls as udl
Loading file /tmp/dirUrM2sL/src/cls/_ZPM/PackageManager/Core/QualifiedModuleReference.cls as udl
Loading file /tmp/dirUrM2sL/src/cls/_ZPM/PackageManager/Core/RegExString.cls as udl
Loading file /tmp/dirUrM2sL/src/cls/_ZPM/PackageManager/Core/ResolvedModuleReference.cls as udl
Loading file /tmp/dirUrM2sL/src/cls/_ZPM/PackageManager/Core/ResourceReference.cls as udl
Loading file /tmp/dirUrM2sL/src/cls/_ZPM/PackageManager/Core/SearchCriteria.cls as udl
Loading file /tmp/dirUrM2sL/src/cls/_ZPM/PackageManager/Core/SemanticVersion.cls as udl
Loading file /tmp/dirUrM2sL/src/cls/_ZPM/PackageManager/Core/VersionedBase.cls as udl
Loading file /tmp/dirUrM2sL/src/cls/_ZPM/PackageManager/Core/ModuleInfo/QueryUtils.cls as udl
Loading file /tmp/dirUrM2sL/src/cls/_ZPM/PackageManager/Core/SemanticVersionExpression.cls as udl
Loading file /tmp/dirUrM2sL/src/cls/_ZPM/PackageManager/Core/SemVer/Comparator.cls as udl
Loading file /tmp/dirUrM2sL/src/cls/_ZPM/PackageManager/Developer/Annotation.cls as udl
Loading file /tmp/dirUrM2sL/src/cls/_ZPM/PackageManager/Core/SemVer/Range.cls as udl
Loading file /tmp/dirUrM2sL/src/cls/_ZPM/PackageManager/Developer/API.cls as udl
Loading file /tmp/dirUrM2sL/src/cls/_ZPM/PackageManager/Developer/Archive.cls as udl
Loading file /tmp/dirUrM2sL/src/cls/_ZPM/PackageManager/Developer/APIDocumentation.cls as udl
Loading file /tmp/dirUrM2sL/src/cls/_ZPM/PackageManager/Developer/Build.cls as udl
Loading file /tmp/dirUrM2sL/src/cls/_ZPM/PackageManager/Developer/ClassUtils.cls as udl
Loading file /tmp/dirUrM2sL/src/cls/_ZPM/PackageManager/Developer/File.cls as udl
Loading file /tmp/dirUrM2sL/src/cls/_ZPM/PackageManager/Developer/IConfigurable.cls as udl
Loading file /tmp/dirUrM2sL/src/cls/_ZPM/PackageManager/Developer/CLI.cls as udl
Loading file /tmp/dirUrM2sL/src/cls/_ZPM/PackageManager/Developer/MappingReference.cls as udl
Loading file /tmp/dirUrM2sL/src/cls/_ZPM/PackageManager/Developer/ModuleAuthorInfo.cls as udl
Loading file /tmp/dirUrM2sL/src/cls/_ZPM/PackageManager/Developer/InvokeReference.cls as udl
Loading file /tmp/dirUrM2sL/src/cls/_ZPM/PackageManager/Developer/ModuleSetting.cls as udl
Loading file /tmp/dirUrM2sL/src/cls/_ZPM/PackageManager/Developer/ResourceReference.cls as udl
Loading file /tmp/dirUrM2sL/src/cls/_ZPM/PackageManager/Developer/SASchema.cls as udl
Loading file /tmp/dirUrM2sL/src/cls/_ZPM/PackageManager/Developer/Module.cls as udl
Loading file /tmp/dirUrM2sL/src/cls/_ZPM/PackageManager/Developer/API/ErrorMessages.cls as udl
Loading file /tmp/dirUrM2sL/src/cls/_ZPM/PackageManager/Developer/Annotation/Utils.cls as udl
Loading file /tmp/dirUrM2sL/src/cls/_ZPM/PackageManager/Developer/Utils.cls as udl
Loading file /tmp/dirUrM2sL/src/cls/_ZPM/PackageManager/Developer/Document/AbstractDocument.cls as udl
Loading file /tmp/dirUrM2sL/src/cls/_ZPM/PackageManager/Developer/Document/AbstractStream.cls as udl
Loading file /tmp/dirUrM2sL/src/cls/_ZPM/PackageManager/Developer/Document/ErrorMessages.cls as udl
Loading file /tmp/dirUrM2sL/src/cls/_ZPM/PackageManager/Developer/Document/ModuleStream.cls as udl
Loading file /tmp/dirUrM2sL/src/cls/_ZPM/PackageManager/Developer/ErrorMessages/MessageFileStream.cls as udl
Loading file /tmp/dirUrM2sL/src/cls/_ZPM/PackageManager/Developer/ErrorMessages/MsgDomain.cls as udl
Loading file /tmp/dirUrM2sL/src/cls/_ZPM/PackageManager/Developer/Document/Module.cls as udl
Loading file /tmp/dirUrM2sL/src/cls/_ZPM/PackageManager/Developer/ErrorMessages/MsgFile.cls as udl
Loading file /tmp/dirUrM2sL/src/cls/_ZPM/PackageManager/Developer/Lifecycle/Abstract.cls as udl
Loading file /tmp/dirUrM2sL/src/cls/_ZPM/PackageManager/Developer/Lifecycle/Application.cls as udl
Loading file /tmp/dirUrM2sL/src/cls/_ZPM/PackageManager/Developer/Lifecycle/DeployedApplication.cls as udl
Loading file /tmp/dirUrM2sL/src/cls/_ZPM/PackageManager/Developer/Lifecycle/Module.cls as udl
Loading file /tmp/dirUrM2sL/src/cls/_ZPM/PackageManager/Developer/Lifecycle/Base.cls as udl
Loading file /tmp/dirUrM2sL/src/cls/_ZPM/PackageManager/Developer/ModuleSetting/Default.cls as udl
Loading file /tmp/dirUrM2sL/src/cls/_ZPM/PackageManager/Developer/ModuleSetting/ProcessorDefault.cls as udl
Loading file /tmp/dirUrM2sL/src/cls/_ZPM/PackageManager/Developer/ModuleSetting/ProcessorDefault/Condition.cls as udl
Loading file /tmp/dirUrM2sL/src/cls/_ZPM/PackageManager/Developer/Processor/AbstractCompilable.cls as udl
Loading file /tmp/dirUrM2sL/src/cls/_ZPM/PackageManager/Developer/Processor/Abstract.cls as udl
Loading file /tmp/dirUrM2sL/src/cls/_ZPM/PackageManager/Developer/Processor/Copy.cls as udl
Loading file /tmp/dirUrM2sL/src/cls/_ZPM/PackageManager/Developer/Processor/FileCopy.cls as udl
Loading file /tmp/dirUrM2sL/src/cls/_ZPM/PackageManager/Developer/Processor/CSPApplication.cls as udl
Loading file /tmp/dirUrM2sL/src/cls/_ZPM/PackageManager/Developer/Processor/LegacyErrorMessages.cls as udl
Loading file /tmp/dirUrM2sL/src/cls/_ZPM/PackageManager/Developer/Processor/PropertyParameters.cls as udl
Loading file /tmp/dirUrM2sL/src/cls/_ZPM/PackageManager/Developer/Processor/LocalizationExport.cls as udl
Loading file /tmp/dirUrM2sL/src/cls/_ZPM/PackageManager/Developer/Processor/SystemSetting.cls as udl
Loading file /tmp/dirUrM2sL/src/cls/_ZPM/PackageManager/Developer/Processor/UIFW.cls as udl
Loading file /tmp/dirUrM2sL/src/cls/_ZPM/PackageManager/Developer/Processor/Default/Class.cls as udl
Loading file /tmp/dirUrM2sL/src/cls/_ZPM/PackageManager/Developer/Processor/UnitTest.cls as udl
Loading file /tmp/dirUrM2sL/src/cls/_ZPM/PackageManager/Developer/Processor/Default/DeepSeeItem.cls as udl
Loading file /tmp/dirUrM2sL/src/cls/_ZPM/PackageManager/Developer/Processor/Default/Global.cls as udl
Loading file /tmp/dirUrM2sL/src/cls/_ZPM/PackageManager/Developer/Processor/Default/Document.cls as udl
Loading file /tmp/dirUrM2sL/src/cls/_ZPM/PackageManager/Developer/Processor/Default/Include.cls as udl
Loading file /tmp/dirUrM2sL/src/cls/_ZPM/PackageManager/Developer/Processor/Default/LocalizedErrorMessages.cls as udl
Loading file /tmp/dirUrM2sL/src/cls/_ZPM/PackageManager/Developer/UnitTest/JUnitOutput.cls as udl
Loading file /tmp/dirUrM2sL/src/cls/_ZPM/PackageManager/Developer/Processor/Default/Package.cls as udl
Loading file /tmp/dirUrM2sL/src/cls/_ZPM/PackageManager/Developer/Processor/Default/Routine.cls as udl
Loading file /tmp/dirUrM2sL/src/cls/_ZPM/PackageManager/Developer/UnitTest/Manager.cls as udl
Loading file /tmp/dirUrM2sL/src/cls/_ZPM/PackageManager/Developer/UnitTest/Utils.cls as udl
Loading file /tmp/dirUrM2sL/src/cls/_ZPM/PackageManager/Server/AbstractService.cls as udl
Loading file /tmp/dirUrM2sL/src/cls/_ZPM/PackageManager/Developer/XML/CommentHandler.cls as udl
Loading file /tmp/dirUrM2sL/src/cls/_ZPM/PackageManager/Server/Application.cls as udl
Loading file /tmp/dirUrM2sL/src/cls/_ZPM/PackageManager/Server/PublishService.cls as udl
Loading file /tmp/dirUrM2sL/src/cls/_ZPM/PackageManager/Server/PackageService.cls as udl
Loading file /tmp/dirUrM2sL/src/cls/_ZPM/PackageManager/Server/Module.cls as udl
Loading file /tmp/dirUrM2sL/src/cls/_ZPM/PackageManager/Server/Utils.cls as udl
Loading file /tmp/dirUrM2sL/src/cls/_ZPM/PackageManager/Server/SemVerFind.cls as udl
Loading file /tmp/dirUrM2sL/src/cls/_ZPM/PackageManager/Server/SemVerIndex.cls as udl
Loading file /tmp/dirUrM2sL/src/cls/_ZPM/Utils/FileBinaryTar.cls as udl

Compilation started on 06/03/2020 15:35:24 with qualifiers 'ck'
Compiling 102 classes, using 4 worker jobs
Compiling class %ZPM.JSON.Generator
Compiling routine %ZPM.JSON.Generator.1
Compiling class %ZPM.PackageManager.Developer.Processor.PropertyParameters
Compiling class %ZPM.JSON.Adaptor
Compiling class %ZPM.PackageManager.Server.SemVerIndex
Compiling class %ZPM.PackageManager.Developer.Utils
Compiling routine %ZPM.JSON.Adaptor.1
Compiling routine %ZPM.PackageManager.Server.SemVerIndex.1
Compiling routine %ZPM.PackageManager.Developer.Utils.1
Compiling class %ZPM.AbstractInstaller
Compiling class %ZPM.PackageManager.Core.IPackageService
Compiling class %ZPM.PackageManager.Client.Utils
Compiling class %ZPM.PackageManager.Core.IPublishService
Compiling class %ZPM.PackageManager.Core.InvokeReference
Compiling class %ZPM.PackageManager.Client.Settings
Compiling class %ZPM.PackageManager.Core.ModuleInfo.QueryUtils
Compiling class %ZPM.PackageManager.Core.ListOfOptions
Compiling class %ZPM.PackageManager.Core.RegExString
Compiling class %ZPM.PackageManager.Core.MappingReference
Compiling class %ZPM.PackageManager.Core.ResourceReference
Compiling class %ZPM.PackageManager.Developer.API
Compiling class %ZPM.PackageManager.Developer.API.ErrorMessages
Compiling class %ZPM.PackageManager.Core.SemVer.Comparator
Compiling class %ZPM.PackageManager.Core.SearchCriteria
Compiling class %ZPM.PackageManager.Developer.Annotation.Utils
Compiling class %ZPM.PackageManager.Developer.Build
Compiling class %ZPM.PackageManager.Developer.APIDocumentation
Compiling class %ZPM.PackageManager.Developer.ClassUtils
Compiling class %ZPM.PackageManager.Developer.Annotation
Compiling class %ZPM.PackageManager.Developer.CLI
Compiling class %ZPM.PackageManager.Developer.ErrorMessages.MsgDomain
Compiling class %ZPM.PackageManager.Developer.Document.AbstractStream
Compiling class %ZPM.PackageManager.Developer.ErrorMessages.MsgFile
Compiling class %ZPM.PackageManager.Developer.File
Compiling class %ZPM.PackageManager.Developer.IConfigurable
Compiling class %ZPM.PackageManager.Developer.Lifecycle.Abstract
Compiling class %ZPM.PackageManager.Developer.Document.AbstractDocument
Compiling class %ZPM.PackageManager.Client.ServerDefinition
Compiling class %ZPM.PackageManager.Developer.ModuleSetting
Compiling class %ZPM.PackageManager.Developer.SASchema
Compiling class %ZPM.PackageManager.Developer.UnitTest.JUnitOutput
Compiling class %ZPM.PackageManager.Developer.ModuleAuthorInfo
Compiling class %ZPM.PackageManager.Developer.UnitTest.Utils
Compiling class %ZPM.PackageManager.Developer.ModuleSetting.ProcessorDefault.Condition
Compiling class %ZPM.PackageManager.Server.AbstractService
Compiling class %ZPM.PackageManager.Server.Utils
Compiling class %ZPM.PackageManager.Developer.Processor.Abstract
Compiling class %ZPM.PackageManager.Developer.XML.CommentHandler
Compiling class %ZPM.PackageManager.Developer.UnitTest.Manager
Compiling class %ZPM.Utils.FileBinaryTar
Compiling class %ZPM.PackageManager.Client.Filesystem.PackageService
Compiling class %ZPM.PackageManager.Client.REST.PackageManagerClient
Compiling class %ZPM.PackageManager
Compiling class %ZPM.PackageManager.Core.SemVer.Range
Compiling class %ZPM.PackageManager.Core.SemanticVersion
Compiling class %ZPM.PackageManager.Developer.Archive
Compiling class %ZPM.PackageManager.Developer.Document.ErrorMessages
Compiling class %ZPM.PackageManager.Client.LocalServerDefinition
Compiling class %ZPM.PackageManager.Client.FilesystemServerDefinition
Compiling class %ZPM.PackageManager.Developer.Document.Module
Compiling class %ZPM.PackageManager.Client.RemoteServerDefinition
Compiling class %ZPM.PackageManager.Developer.ModuleSetting.Default
Compiling class %ZPM.PackageManager.Developer.Lifecycle.Base
Compiling class %ZPM.PackageManager.Developer.Document.ModuleStream
Compiling class %ZPM.PackageManager.Developer.ErrorMessages.MessageFileStream
Compiling class %ZPM.PackageManager.Developer.Processor.AbstractCompilable
Compiling class %ZPM.PackageManager.Developer.ModuleSetting.ProcessorDefault
Compiling class %ZPM.PackageManager.Developer.Processor.Default.Global
Compiling class %ZPM.PackageManager.Developer.Processor.LegacyErrorMessages
Compiling class %ZPM.PackageManager.Developer.Processor.FileCopy
Compiling class %ZPM.PackageManager.Developer.Processor.LocalizationExport
Compiling class %ZPM.PackageManager.Developer.Processor.SystemSetting
Compiling class %ZPM.PackageManager.Developer.Processor.UIFW
Compiling class %ZPM.PackageManager.Server.PackageService
Compiling class %ZPM.PackageManager.Developer.Processor.UnitTest
Compiling class %ZPM.PackageManager.Server.PublishService
Compiling class %ZPM.PackageManager.Developer.Processor.CSPApplication
Compiling class %ZPM.PackageManager.Core.SemanticVersionExpression
Compiling class %ZPM.PackageManager.Client.REST.PublishClient
Compiling class %ZPM.PackageManager.Developer.Lifecycle.Application
Compiling class %ZPM.PackageManager.Core.ModuleInfo
Compiling class %ZPM.PackageManager.Developer.Lifecycle.Module
Compiling class %ZPM.PackageManager.Developer.Processor.Default.LocalizedErrorMessages
Compiling class %ZPM.PackageManager.Developer.Processor.Copy
Compiling class %ZPM.PackageManager.Developer.Processor.Default.Document
Compiling class %ZPM.PackageManager.Core.ModuleReference
Compiling class %ZPM.PackageManager.Core.ResolvedModuleReference
Compiling class %ZPM.PackageManager.Core.VersionedBase
Compiling class %ZPM.PackageManager.Developer.Lifecycle.DeployedApplication
Compiling class %ZPM.PackageManager.Developer.Processor.Default.Class
Compiling class %ZPM.PackageManager.Developer.Processor.Default.DeepSeeItem
Compiling class %ZPM.PackageManager.Developer.Processor.Default.Include
Compiling class %ZPM.PackageManager.Server.SemVerFind
Compiling class %ZPM.PackageManager.Developer.Processor.Default.Routine
Compiling class %ZPM.PackageManager.Developer.Processor.Default.Package
Compiling class %ZPM.PackageManager.Client.Filesystem.Cache
Compiling class %ZPM.PackageManager.Core.QualifiedModuleReference
Compiling class %ZPM.PackageManager.Core.Module
Compiling class %ZPM.PackageManager.Core.Application
Compiling class %ZPM.PackageManager.Developer.Module
Compiling class %ZPM.PackageManager.Core.InstallationInfo
Compiling class %ZPM.PackageManager.Developer.InvokeReference
Compiling class %ZPM.PackageManager.Developer.MappingReference
Compiling class %ZPM.PackageManager.Developer.ResourceReference
Compiling class %ZPM.PackageManager.Server.Application
Compiling class %ZPM.PackageManager.Server.Module
Compiling table %ZPM_PackageManager_Client.ServerDefinition
Compiling table %ZPM_PackageManager_Client.LocalServerDefinition
Compiling table %ZPM_PackageManager_Client.FilesystemServerDefinition
Compiling table %ZPM_PackageManager_Client.RemoteServerDefinition
Compiling table %ZPM_PackageManager_Developer.InvokeReference
Compiling table %ZPM_PackageManager_Developer.MappingReference
Compiling table %ZPM_PackageManager_Client_Filesystem.Cache
Compiling table %ZPM_PackageManager_Developer.Module_API
Compiling table %ZPM_PackageManager_Developer.Module
Compiling table %ZPM_PackageManager_Developer.Module_Defaults
Compiling table %ZPM_PackageManager_Developer.Module_Dependencies
Compiling table %ZPM_PackageManager_Developer.ResourceReference_Attributes
Compiling table %ZPM_PackageManager_Developer_Document.ModuleStream
Compiling table %ZPM_PackageManager_Developer.ResourceReference
Compiling table %ZPM_PackageManager_Developer_ErrorMessages.MessageFileStream
Compiling table %ZPM_PackageManager_Server.Application
Compiling table %ZPM_PackageManager_Server._MODULE
Compiling routine %ZPM.AbstractInstaller.1
Compiling routine %ZPM.PackageManager.Core.IPackageService.1
Compiling routine %ZPM.PackageManager.Client.Settings.1
Compiling routine %ZPM.PackageManager.Core.IPublishService.1
Compiling routine %ZPM.PackageManager.Core.InvokeReference.1
Compiling routine %ZPM.PackageManager.Core.ListOfOptions.1
Compiling routine %ZPM.PackageManager.Core.ModuleInfo.QueryUtils.1
Compiling routine %ZPM.PackageManager.Core.MappingReference.1
Compiling routine %ZPM.PackageManager.Core.RegExString.1
Compiling routine %ZPM.PackageManager.Core.ResourceReference.1
Compiling routine %ZPM.PackageManager.Client.Utils.1
Compiling routine %ZPM.PackageManager.Core.SemVer.Comparator.1
Compiling routine %ZPM.PackageManager.Developer.API.ErrorMessages.1
Compiling routine %ZPM.PackageManager.Core.SearchCriteria.1
Compiling routine %ZPM.PackageManager.Developer.Annotation.1
Compiling routine %ZPM.PackageManager.Developer.API.1
Compiling routine %ZPM.PackageManager.Developer.Annotation.Utils.1
Compiling routine %ZPM.PackageManager.Developer.APIDocumentation.1
Compiling routine %ZPM.PackageManager.Developer.ClassUtils.1
Compiling routine %ZPM.PackageManager.Developer.Build.1
Compiling routine %ZPM.PackageManager.Developer.CLI.1
Compiling routine %ZPM.PackageManager.Developer.Document.AbstractDocument.1
Compiling routine %ZPM.PackageManager.Developer.Document.AbstractStream.1
Compiling routine %ZPM.PackageManager.Developer.ErrorMessages.MsgDomain.1
Compiling routine %ZPM.PackageManager.Developer.File.1
Compiling routine %ZPM.PackageManager.Developer.IConfigurable.1
Compiling routine %ZPM.PackageManager.Developer.Lifecycle.Abstract.1
Compiling routine %ZPM.PackageManager.Developer.ModuleSetting.1
Compiling routine %ZPM.PackageManager.Developer.ErrorMessages.MsgFile.1
Compiling routine %ZPM.PackageManager.Developer.ModuleAuthorInfo.1
Compiling routine %ZPM.PackageManager.Developer.Processor.Abstract.1
Compiling routine %ZPM.PackageManager.Developer.UnitTest.JUnitOutput.1
Compiling routine %ZPM.PackageManager.Developer.ModuleSetting.ProcessorDefault.Condition.1
Compiling routine %ZPM.PackageManager.Client.ServerDefinition.1
Compiling routine %ZPM.PackageManager.Developer.SASchema.1
Compiling routine %ZPM.PackageManager.Developer.UnitTest.Manager.1
Compiling routine %ZPM.PackageManager.Server.Utils.1
Compiling routine %ZPM.PackageManager.Server.AbstractService.1
Compiling routine %ZPM.PackageManager.Developer.UnitTest.Utils.1
Compiling routine %ZPM.PackageManager.Developer.XML.CommentHandler.1
Compiling routine %ZPM.Utils.FileBinaryTar.1
Compiling routine %ZPM.PackageManager.Client.Filesystem.PackageService.1
Compiling routine %ZPM.PackageManager.Client.REST.PackageManagerClient.1
Compiling routine %ZPM.PackageManager.1
Compiling routine %ZPM.PackageManager.Core.SemVer.Range.1
Compiling routine %ZPM.PackageManager.Core.SemanticVersion.1
Compiling routine %ZPM.PackageManager.Developer.Archive.1
Compiling routine %ZPM.PackageManager.Developer.Document.ErrorMessages.1
Compiling routine %ZPM.PackageManager.Developer.Document.Module.1
Compiling routine %ZPM.PackageManager.Client.LocalServerDefinition.1
Compiling routine %ZPM.PackageManager.Client.FilesystemServerDefinition.1
Compiling routine %ZPM.PackageManager.Client.RemoteServerDefinition.1
Compiling routine %ZPM.PackageManager.Developer.Lifecycle.Base.1
Compiling routine %ZPM.PackageManager.Developer.ModuleSetting.Default.1
Compiling routine %ZPM.PackageManager.Developer.Document.ModuleStream.1
Compiling routine %ZPM.PackageManager.Developer.Processor.AbstractCompilable.1
Compiling routine %ZPM.PackageManager.Developer.Processor.Default.Global.1
Compiling routine %ZPM.PackageManager.Developer.ModuleSetting.ProcessorDefault.1
Compiling routine %ZPM.PackageManager.Developer.Processor.FileCopy.1
Compiling routine %ZPM.PackageManager.Developer.ErrorMessages.MessageFileStream.1
Compiling routine %ZPM.PackageManager.Developer.Processor.LegacyErrorMessages.1
Compiling routine %ZPM.PackageManager.Developer.Processor.SystemSetting.1
Compiling routine %ZPM.PackageManager.Developer.Processor.LocalizationExport.1
Compiling routine %ZPM.PackageManager.Server.PackageService.1
Compiling routine %ZPM.PackageManager.Server.PublishService.1
Compiling routine %ZPM.PackageManager.Developer.Processor.UnitTest.1
Compiling routine %ZPM.PackageManager.Developer.Processor.UIFW.1
Compiling routine %ZPM.PackageManager.Developer.Processor.CSPApplication.1
Compiling routine %ZPM.PackageManager.Client.REST.PublishClient.1
Compiling routine %ZPM.PackageManager.Core.ModuleInfo.1
Compiling routine %ZPM.PackageManager.Developer.Processor.Copy.1
Compiling routine %ZPM.PackageManager.Core.SemanticVersionExpression.1
Compiling routine %ZPM.PackageManager.Developer.Processor.Default.LocalizedErrorMessages.1
Compiling routine %ZPM.PackageManager.Developer.Processor.Default.Document.1
Compiling routine %ZPM.PackageManager.Developer.Lifecycle.Application.1
Compiling routine %ZPM.PackageManager.Developer.Lifecycle.Module.1
Compiling routine %ZPM.PackageManager.Core.VersionedBase.1
Compiling routine %ZPM.PackageManager.Core.ResolvedModuleReference.1
Compiling routine %ZPM.PackageManager.Core.ModuleReference.1
Compiling routine %ZPM.PackageManager.Developer.Processor.Default.Class.1
Compiling routine %ZPM.PackageManager.Developer.Processor.Default.Include.1
Compiling routine %ZPM.PackageManager.Developer.Processor.Default.DeepSeeItem.1
Compiling routine %ZPM.PackageManager.Developer.Processor.Default.Package.1
Compiling routine %ZPM.PackageManager.Developer.Processor.Default.Routine.1
Compiling routine %ZPM.PackageManager.Server.SemVerFind.1
Compiling routine %ZPM.PackageManager.Developer.Lifecycle.DeployedApplication.1
Compiling routine %ZPM.PackageManager.Client.Filesystem.Cache.1
Compiling routine %ZPM.PackageManager.Core.QualifiedModuleReference.1
Compiling routine %ZPM.PackageManager.Core.Module.1
Compiling routine %ZPM.PackageManager.Core.Application.1
Compiling routine %ZPM.PackageManager.Developer.Module.1
Compiling routine %ZPM.PackageManager.Developer.ModuleAPI.1
Compiling routine %ZPM.PackageManager.Developer.ModuleDefaults.1
Compiling routine %ZPM.PackageManager.Developer.ModuleDependencies.1
Compiling routine %ZPM.PackageManager.Core.InstallationInfo.1
Compiling routine %ZPM.PackageManager.Developer.InvokeReference.1
Compiling routine %ZPM.PackageManager.Developer.MappingReference.1
Compiling routine %ZPM.PackageManager.Server.Application.1
Compiling routine %ZPM.PackageManager.Developer.ResourceReference.1
Compiling routine %ZPM.PackageManager.Developer.ResourceReferenceAttributes.1
Compiling routine %ZPM.PackageManager.Server.Module.1
Compilation finished successfully in 7.170s.

Load finished successfully.

Compiling routine : %ZLANGC00.mac2020-06-03 15:35:32 3 Evaluate: ${REGISTRY} -> https://pm.community.intersystems.com
2020-06-03 15:35:32 3 Evaluate: ${TRACKINGID} -> UA-126752118-1
2020-06-03 15:35:32 3 Evaluate: ${MODDIR} -> /tmp/dirUrM2sL/

[zpm]	Reload START
[zpm]	Reload SUCCESS
[zpm]	Module object refreshed.
[zpm]	Validate START
[zpm]	Validate SUCCESS
[zpm]	Compile START
[zpm]	Compile SUCCESS
[zpm]	Activate START
[zpm]	Configure START
[zpm]	Configure SUCCESS
[zpm]	Activate SUCCESS
[zpm]	Reload START
[zpm]	Reload SUCCESS
[zpm]	Module object refreshed.
[zpm]	Validate START
[zpm]	Validate SUCCESS
[zpm]	Compile START
[zpm]	Compile SUCCESS2020-06-03 15:35:52 0 %ZPM.Installer: Installation succeeded at 2020-06-03 15:35:52
2020-06-03 15:35:52 0 %Installer: Elapsed time 30.341247s
Time spent 30.360557
Compiling class ASPMining.Analytics.EquipmentCube
Compiling class ASPMining.Analytics.ProductionStatusEventCubeSliced
Compiling class ASPMining.Analytics.StatusEventCube
Compiling class ASPMining.Analytics.StatusEventSlicedCube
Compiling class IRISDemo.Cube.TimeSlice
Compiling class OEE.Cube.MiningOEE
Compiling routine ASPMining.Analytics.EquipmentCube.1
Compiling routine ASPMining.Analytics.ProductionStatusEventCubeSliced.1
Compiling routine ASPMining.Analytics.StatusEventCube.1
Compiling routine ASPMining.Analytics.StatusEventSlicedCube.1
Compiling routine OEE.Cube.MiningOEE.1
Compiling routine IRISDemo.Cube.TimeSlice.1
Compiling class ASPMining.Analytics.EquipmentCube.Listing
Compiling class ASPMining.Analytics.EquipmentCube.StarModelViaEquipmentModel
Compiling class ASPMining.Analytics.EquipmentCube.StarName
Compiling class ASPMining.Analytics.EquipmentCube.Fact
Compiling class ASPMining.Analytics.EquipmentCube.StarNameViaEquipmentCategory
Compiling class ASPMining.Analytics.ProductionStatusEventCubeSliced.Listing
Compiling class ASPMining.Analytics.ProductionStatusEventCubeSliced.Star2194409692
Compiling class ASPMining.Analytics.ProductionStatusEventCubeSliced.Star809447693
Compiling class ASPMining.Analytics.ProductionStatusEventCubeSliced.StarIdViaShift
Compiling class ASPMining.Analytics.StatusEventCube.Listing
Compiling class ASPMining.Analytics.ProductionStatusEventCubeSliced.StarNameViaEquipmentTruck
Compiling class ASPMining.Analytics.ProductionStatusEventCubeSliced.Fact
Compiling class ASPMining.Analytics.StatusEventCube.Star1444910589
Compiling class ASPMining.Analytics.StatusEventCube.Star2030294731
Compiling class ASPMining.Analytics.StatusEventCube.Star339884097
Compiling class ASPMining.Analytics.StatusEventCube.Star3698699884
Compiling class ASPMining.Analytics.StatusEventCube.StarDescriptionViaStatusType
Compiling class ASPMining.Analytics.StatusEventCube.StarIdViaShift
Compiling class ASPMining.Analytics.StatusEventCube.Fact
Compiling class ASPMining.Analytics.StatusEventCube.StarNameViaEquipment
Compiling class ASPMining.Analytics.StatusEventSlicedCube.Listing
Compiling class ASPMining.Analytics.StatusEventSlicedCube.Star339884097
Compiling class ASPMining.Analytics.StatusEventSlicedCube.Star3698699884
Compiling class ASPMining.Analytics.StatusEventSlicedCube.StarDescriptionViaStatusType
Compiling class ASPMining.Analytics.StatusEventSlicedCube.StarIdViaShift
Compiling class ASPMining.Analytics.StatusEventSlicedCube.StarNameViaCrewViaShift
Compiling class ASPMining.Analytics.StatusEventSlicedCube.StarNameViaEquipment
Compiling class ASPMining.Analytics.StatusEventSlicedCube.StarTypeViaShiftTypeViaShift
Compiling class IRISDemo.Cube.TimeSlice.Listing
Compiling class IRISDemo.Cube.TimeSlice.Star1588201537
Compiling class ASPMining.Analytics.StatusEventSlicedCube.Fact
Compiling class IRISDemo.Cube.TimeSlice.Star3121052880
Compiling class IRISDemo.Cube.TimeSlice.StarItemCodeViaItemMaster
Compiling class IRISDemo.Cube.TimeSlice.Star841362271
Compiling class IRISDemo.Cube.TimeSlice.Fact
Compiling class OEE.Cube.MiningOEE.Listing
Compiling class OEE.Cube.MiningOEE.StarEquipment
Compiling class OEE.Cube.MiningOEE.Fact
Compiling table ASPMining_Analytics_EquipmentCube.Listing
Compiling table ASPMining_Analytics_EquipmentCube.StarModelViaEquipmentModel
Compiling table ASPMining_Analytics_EquipmentCube.Fact
Compiling table ASPMining_Analytics_EquipmentCube.StarName
Compiling table ASPMining_Analytics_EquipmentCube.StarNameViaEquipmentCategory
Compiling table ASPMining_Analytics_ProductionStatusEventCubeSliced.Listing
Compiling table ASPMining_Analytics_ProductionStatusEventCubeSliced.Star2194409692
Compiling table ASPMining_Analytics_ProductionStatusEventCubeSliced.Star809447693
Compiling table ASPMining_Analytics_ProductionStatusEventCubeSliced.Fact
Compiling table ASPMining_Analytics_ProductionStatusEventCubeSliced.StarIdViaShift
Compiling table ASPMining_Analytics_ProductionStatusEventCubeSliced.StarNameViaEquipmentTruck
Compiling table ASPMining_Analytics_StatusEventCube.Listing
Compiling table ASPMining_Analytics_StatusEventCube.Star1444910589
Compiling table ASPMining_Analytics_StatusEventCube.Star2030294731
Compiling table ASPMining_Analytics_StatusEventCube.Star339884097
Compiling table ASPMining_Analytics_StatusEventCube.Star3698699884
Compiling table ASPMining_Analytics_StatusEventCube.Fact
Compiling table ASPMining_Analytics_StatusEventCube.StarIdViaShift
Compiling table ASPMining_Analytics_StatusEventCube.StarDescriptionViaStatusType
Compiling table ASPMining_Analytics_StatusEventCube.StarNameViaEquipment
Compiling table ASPMining_Analytics_StatusEventSlicedCube.Listing
Compiling table ASPMining_Analytics_StatusEventSlicedCube.Star339884097
Compiling table ASPMining_Analytics_StatusEventSlicedCube.Star3698699884
Compiling table ASPMining_Analytics_StatusEventSlicedCube.StarDescriptionViaStatusType
Compiling table ASPMining_Analytics_StatusEventSlicedCube.StarIdViaShift
Compiling table ASPMining_Analytics_StatusEventSlicedCube.StarNameViaCrewViaShift
Compiling table ASPMining_Analytics_StatusEventSlicedCube.StarNameViaEquipment
Compiling table ASPMining_Analytics_StatusEventSlicedCube.Fact
Compiling table ASPMining_Analytics_StatusEventSlicedCube.StarTypeViaShiftTypeViaShift
Compiling table IRISDemo_Cube_TimeSlice.Listing
Compiling table IRISDemo_Cube_TimeSlice.Star1588201537
Compiling table IRISDemo_Cube_TimeSlice.Star3121052880
Compiling table IRISDemo_Cube_TimeSlice.Star841362271
Compiling table IRISDemo_Cube_TimeSlice.StarItemCodeViaItemMaster
Compiling table IRISDemo_Cube_TimeSlice.Fact
Compiling table OEE_Cube_MiningOEE.Listing
Compiling table OEE_Cube_MiningOEE.StarEquipment
Compiling table OEE_Cube_MiningOEE.Fact
Compiling routine ASPMining.Analytics.EquipmentCube.Listing.1
Compiling routine ASPMining.Analytics.EquipmentCube.StarModelViaEquipmentModel.1
Compiling routine ASPMining.Analytics.EquipmentCube.StarName.1
Compiling routine ASPMining.Analytics.EquipmentCube.StarNameViaEquipmentCategory.1
Compiling routine ASPMining.Analytics.ProductionStatusEventCubeSliced.Listing.1
Compiling routine ASPMining.Analytics.EquipmentCube.Fact.1
Compiling routine ASPMining.Analytics.ProductionStatusEventCubeSliced.Star2194409692.1
Compiling routine ASPMining.Analytics.ProductionStatusEventCubeSliced.Star809447693.1
Compiling routine ASPMining.Analytics.ProductionStatusEventCubeSliced.StarIdViaShift.1
Compiling routine ASPMining.Analytics.ProductionStatusEventCubeSliced.StarNameViaEquipmentTruck.1
Compiling routine ASPMining.Analytics.StatusEventCube.Listing.1
Compiling routine ASPMining.Analytics.ProductionStatusEventCubeSliced.Fact.1
Compiling routine ASPMining.Analytics.StatusEventCube.Star1444910589.1
Compiling routine ASPMining.Analytics.StatusEventCube.Star2030294731.1
Compiling routine ASPMining.Analytics.StatusEventCube.Star339884097.1
Compiling routine ASPMining.Analytics.StatusEventCube.Star3698699884.1
Compiling routine ASPMining.Analytics.StatusEventCube.StarDescriptionViaStatusType.1
Compiling routine ASPMining.Analytics.StatusEventCube.StarIdViaShift.1
Compiling routine ASPMining.Analytics.StatusEventCube.StarNameViaEquipment.1
Compiling routine ASPMining.Analytics.StatusEventCube.Fact.1
Compiling routine ASPMining.Analytics.StatusEventSlicedCube.Listing.1
Compiling routine ASPMining.Analytics.StatusEventSlicedCube.Star339884097.1
Compiling routine ASPMining.Analytics.StatusEventSlicedCube.Star3698699884.1
Compiling routine ASPMining.Analytics.StatusEventSlicedCube.StarDescriptionViaStatusType.1
Compiling routine ASPMining.Analytics.StatusEventSlicedCube.StarIdViaShift.1
Compiling routine ASPMining.Analytics.StatusEventSlicedCube.StarNameViaCrewViaShift.1
Compiling routine ASPMining.Analytics.StatusEventSlicedCube.StarNameViaEquipment.1
Compiling routine ASPMining.Analytics.StatusEventSlicedCube.StarTypeViaShiftTypeViaShift.1
Compiling routine IRISDemo.Cube.TimeSlice.Listing.1
Compiling routine ASPMining.Analytics.StatusEventSlicedCube.Fact.1
Compiling routine IRISDemo.Cube.TimeSlice.Star1588201537.1
Compiling routine IRISDemo.Cube.TimeSlice.Star3121052880.1
Compiling routine IRISDemo.Cube.TimeSlice.Star841362271.1
Compiling routine IRISDemo.Cube.TimeSlice.StarItemCodeViaItemMaster.1
Compiling routine OEE.Cube.MiningOEE.Listing.1
Compiling routine OEE.Cube.MiningOEE.StarEquipment.1
Compiling routine IRISDemo.Cube.TimeSlice.Fact.1
Compiling routine OEE.Cube.MiningOEE.Fact.1
Generating file: /usr/irissys/csp/broker/MDX2JSON.js
Compilation finished successfully in 47.88s.

Load finished successfully.
2020-06-03 15:36:01 0 : Creating Task to save IRIS Analytic files to external volume...
2020-06-03 15:36:01 0 : Loading transactional data...
2020-06-03 15:36:02 0 : Creating credentials...
2020-06-03 15:36:02 0 : Building cube and enabling cube registry...

Building cube [MININGOEE]
Deleting existing cube...[0JExisting cube deleted.
[0JBuilding fact table:              0 fact(s) updated.    0% tasks complete[0JBuilding fact table:              0 fact(s) updated.    0% tasks complete[0JFact table built:                 0 fact(s) (2 core(s) used)
[0JBuilding indices...          0 fact(s) processed.   0% tasks complete[0JFact indices built:               0 fact(s) (2 core(s) used)
[0JProcessing iKnow Indices...[0J
[0JComplete
Elapsed time:                  0.006896s
Source expression time:        0.000000s
2020-06-03 15:36:02 0 : Building MDX2JSON...
2020-06-03 15:36:02 0 IRISConfig.Installer: ERROR #5002: ObjectScript error: <CLASS DOES NOT EXIST>zsetup+45^IRISConfig.Installer.1 *MDX2JSON.Installer
2020-06-03 15:36:02 0 IRISConfig.Installer: Installation failed at 2020-06-03 15:36:02
2020-06-03 15:36:02 0 %Installer: Elapsed time 53.081479s

ERROR #5002: ObjectScript error: <CLASS DOES NOT EXIST>zsetup+45^IRISConfig.Installer.1 *MDX2JSON.Installer20200603-15:36:02:491767174 Error: 
ObjectScript payload failed!  Payload was:
Do ##class(IRISConfig.Installer).Install()
